<?xml version="1.0" encoding="UTF-8"?>
<!-- Generated by org.testng.reporters.JUnitXMLReporter -->
<testsuite hostname="surya" name="Default test" tests="17" failures="0" timestamp="15 Apr 2019 16:33:10 GMT" time="226.978" errors="0">
  <testcase name="verify_launch" time="12.624" classname="com.ranfordbank.TestExecution"/>
  <testcase name="verify_login" time="7.558" classname="com.ranfordbank.TestExecution"/>
  <testcase name="verify_branches" time="3.103" classname="com.ranfordbank.TestExecution"/>
  <testcase name="verify_newBranch" time="1.702" classname="com.ranfordbank.TestExecution"/>
  <testcase name="verify_createNewBranch" time="5.545" classname="com.ranfordbank.TestExecution"/>
  <testcase name="verify_branchSearch" time="26.33" classname="com.ranfordbank.TestExecution"/>
  <testcase name="verify_roles" time="0.899" classname="com.ranfordbank.TestExecution"/>
  <testcase name="verify_newRole" time="0.985" classname="com.ranfordbank.TestExecution"/>
  <testcase name="verify_createnewRole" time="1.468" classname="com.ranfordbank.TestExecution"/>
  <testcase name="verify_roleOperation" time="4.322" classname="com.ranfordbank.TestExecution"/>
  <testcase name="verify_users" time="2.144" classname="com.ranfordbank.TestExecution"/>
  <testcase name="verify_newUser" time="3.229" classname="com.ranfordbank.TestExecution"/>
  <testcase name="verify_createNewUser" time="27.374" classname="com.ranfordbank.TestExecution"/>
  <testcase name="verify_employee" time="1.602" classname="com.ranfordbank.TestExecution"/>
  <testcase name="verify_newEmployee" time="16.233" classname="com.ranfordbank.TestExecution"/>
  <testcase name="verify_createNewEmployee" time="98.39" classname="com.ranfordbank.TestExecution"/>
  <testcase name="verify_employeeOperation" time="11.752" classname="com.ranfordbank.TestExecution"/>
</testsuite> <!-- Default test -->
