<?xml version="1.0" encoding="UTF-8"?>
<!-- Generated by org.testng.reporters.JUnitXMLReporter -->
<testsuite hostname="surya" name="Test" tests="4" failures="4" timestamp="3 Apr 2019 09:02:47 GMT" time="0.245" errors="0">
  <testcase name="verify_launch" time="0.047" classname="com.ranfordbank.TestExecution">
    <failure type="java.lang.NullPointerException">
      <![CDATA[java.lang.NullPointerException
	at com.ranfordbank.Repository.launch(Repository.java:19)
	at com.ranfordbank.TestExecution.verify_launch(TestExecution.java:9)
... Removed 24 stack frames]]>
    </failure>
  </testcase> <!-- verify_launch -->
  <testcase name="verify_login" time="0.073" classname="com.ranfordbank.TestExecution">
    <failure type="java.lang.NullPointerException">
      <![CDATA[java.lang.NullPointerException
	at com.pagelibrary.com.ranfordbank.LoginPage.userName_editbox(LoginPage.java:11)
	at com.ranfordbank.Repository.login(Repository.java:37)
	at com.ranfordbank.TestExecution.verify_login(TestExecution.java:15)
... Removed 24 stack frames]]>
    </failure>
  </testcase> <!-- verify_login -->
  <testcase name="verify_branches" time="0.031" classname="com.ranfordbank.TestExecution">
    <failure type="java.lang.NullPointerException">
      <![CDATA[java.lang.NullPointerException
	at com.pagelibrary.com.ranfordbank.AdminPage.branches(AdminPage.java:10)
	at com.ranfordbank.Repository.branches(Repository.java:44)
	at com.ranfordbank.TestExecution.verify_branches(TestExecution.java:21)
... Removed 24 stack frames]]>
    </failure>
  </testcase> <!-- verify_branches -->
  <testcase name="verify_branchSearch" time="0.015" classname="com.ranfordbank.TestExecution">
    <failure type="java.lang.NullPointerException">
      <![CDATA[java.lang.NullPointerException
	at com.pagelibrary.com.ranfordbank.BranchesPage.country_Select(BranchesPage.java:11)
	at com.ranfordbank.Repository.branchSearch(Repository.java:49)
	at com.ranfordbank.TestExecution.verify_branchSearch(TestExecution.java:27)
... Removed 24 stack frames]]>
    </failure>
  </testcase> <!-- verify_branchSearch -->
</testsuite> <!-- Test -->
